<?xml version="1.0" encoding="UTF-8"?>
<coverage generated="1610636145983" clover="3.2.0">
  <project timestamp="1610636145983" name="All files">
    <metrics statements="24" coveredstatements="23" conditionals="12" coveredconditionals="10" methods="4" coveredmethods="4" elements="40" coveredelements="37" complexity="0" loc="24" ncloc="24" packages="1" files="4" classes="4"/>
    <file name="1.js" path="/Users/zhengjiangtao/github/ataola/coding/code/leetcode/1.js">
      <metrics statements="5" coveredstatements="5" conditionals="2" coveredconditionals="2" methods="1" coveredmethods="1"/>
      <line num="6" count="1" type="stmt"/>
      <line num="7" count="3" type="stmt"/>
      <line num="8" count="4" type="stmt"/>
      <line num="9" count="5" type="cond" truecount="2" falsecount="0"/>
      <line num="10" count="3" type="stmt"/>
    </file>
    <file name="13.js" path="/Users/zhengjiangtao/github/ataola/coding/code/leetcode/13.js">
      <metrics statements="11" coveredstatements="10" conditionals="4" coveredconditionals="3" methods="1" coveredmethods="1"/>
      <line num="5" count="1" type="stmt"/>
      <line num="6" count="4" type="stmt"/>
      <line num="15" count="4" type="stmt"/>
      <line num="16" count="4" type="cond" truecount="1" falsecount="1"/>
      <line num="17" count="0" type="stmt"/>
      <line num="19" count="4" type="stmt"/>
      <line num="20" count="17" type="cond" truecount="2" falsecount="0"/>
      <line num="21" count="4" type="stmt"/>
      <line num="22" count="4" type="stmt"/>
      <line num="24" count="13" type="stmt"/>
      <line num="28" count="4" type="stmt"/>
    </file>
    <file name="7.js" path="/Users/zhengjiangtao/github/ataola/coding/code/leetcode/7.js">
      <metrics statements="4" coveredstatements="4" conditionals="6" coveredconditionals="5" methods="1" coveredmethods="1"/>
      <line num="5" count="1" type="stmt"/>
      <line num="6" count="5" type="stmt"/>
      <line num="7" count="5" type="stmt"/>
      <line num="8" count="5" type="cond" truecount="5" falsecount="1"/>
    </file>
    <file name="9.js" path="/Users/zhengjiangtao/github/ataola/coding/code/leetcode/9.js">
      <metrics statements="4" coveredstatements="4" conditionals="0" coveredconditionals="0" methods="1" coveredmethods="1"/>
      <line num="5" count="1" type="stmt"/>
      <line num="6" count="3" type="stmt"/>
      <line num="7" count="3" type="stmt"/>
      <line num="8" count="3" type="stmt"/>
    </file>
  </project>
</coverage>
