<?xml version="1.0" encoding="UTF-8"?>
<coverage generated="1610720674831" clover="3.2.0">
  <project timestamp="1610720674831" name="All files">
    <metrics statements="37" coveredstatements="36" conditionals="18" coveredconditionals="16" methods="6" coveredmethods="6" elements="61" coveredelements="58" complexity="0" loc="37" ncloc="37" packages="1" files="5" classes="5"/>
    <file name="1.js" path="/Users/zhengjiangtao/github/ataola/coding/code/leetcode/1.js">
      <metrics statements="5" coveredstatements="5" conditionals="2" coveredconditionals="2" methods="1" coveredmethods="1"/>
      <line num="6" count="1" type="stmt"/>
      <line num="7" count="3" type="stmt"/>
      <line num="8" count="4" type="stmt"/>
      <line num="9" count="5" type="cond" truecount="2" falsecount="0"/>
      <line num="10" count="3" type="stmt"/>
    </file>
    <file name="13.js" path="/Users/zhengjiangtao/github/ataola/coding/code/leetcode/13.js">
      <metrics statements="11" coveredstatements="10" conditionals="4" coveredconditionals="3" methods="1" coveredmethods="1"/>
      <line num="5" count="1" type="stmt"/>
      <line num="6" count="4" type="stmt"/>
      <line num="15" count="4" type="stmt"/>
      <line num="16" count="4" type="cond" truecount="1" falsecount="1"/>
      <line num="17" count="0" type="stmt"/>
      <line num="19" count="4" type="stmt"/>
      <line num="20" count="17" type="cond" truecount="2" falsecount="0"/>
      <line num="21" count="4" type="stmt"/>
      <line num="22" count="4" type="stmt"/>
      <line num="24" count="13" type="stmt"/>
      <line num="28" count="4" type="stmt"/>
    </file>
    <file name="14.js" path="/Users/zhengjiangtao/github/ataola/coding/code/leetcode/14.js">
      <metrics statements="13" coveredstatements="13" conditionals="6" coveredconditionals="6" methods="2" coveredmethods="2"/>
      <line num="5" count="1" type="stmt"/>
      <line num="6" count="5" type="cond" truecount="2" falsecount="0"/>
      <line num="7" count="1" type="stmt"/>
      <line num="9" count="4" type="cond" truecount="2" falsecount="0"/>
      <line num="10" count="1" type="stmt"/>
      <line num="12" count="3" type="stmt"/>
      <line num="13" count="3" type="stmt"/>
      <line num="14" count="3" type="stmt"/>
      <line num="15" count="13" type="stmt"/>
      <line num="16" count="45" type="cond" truecount="2" falsecount="0"/>
      <line num="17" count="11" type="stmt"/>
      <line num="19" count="2" type="stmt"/>
      <line num="22" count="3" type="stmt"/>
    </file>
    <file name="7.js" path="/Users/zhengjiangtao/github/ataola/coding/code/leetcode/7.js">
      <metrics statements="4" coveredstatements="4" conditionals="6" coveredconditionals="5" methods="1" coveredmethods="1"/>
      <line num="5" count="1" type="stmt"/>
      <line num="6" count="5" type="stmt"/>
      <line num="7" count="5" type="stmt"/>
      <line num="8" count="5" type="cond" truecount="5" falsecount="1"/>
    </file>
    <file name="9.js" path="/Users/zhengjiangtao/github/ataola/coding/code/leetcode/9.js">
      <metrics statements="4" coveredstatements="4" conditionals="0" coveredconditionals="0" methods="1" coveredmethods="1"/>
      <line num="5" count="1" type="stmt"/>
      <line num="6" count="3" type="stmt"/>
      <line num="7" count="3" type="stmt"/>
      <line num="8" count="3" type="stmt"/>
    </file>
  </project>
</coverage>
