{"/Users/zhengjiangtao/github/ataola/coding/code/leetcode/1.js": {"path":"/Users/zhengjiangtao/github/ataola/coding/code/leetcode/1.js","statementMap":{"0":{"start":{"line":6,"column":15},"end":{"line":14,"column":1}},"1":{"start":{"line":7,"column":4},"end":{"line":13,"column":5}},"2":{"start":{"line":7,"column":14},"end":{"line":7,"column":15}},"3":{"start":{"line":8,"column":8},"end":{"line":12,"column":9}},"4":{"start":{"line":8,"column":18},"end":{"line":8,"column":21}},"5":{"start":{"line":9,"column":12},"end":{"line":11,"column":13}},"6":{"start":{"line":10,"column":16},"end":{"line":10,"column":29}}},"fnMap":{"0":{"name":"(anonymous_0)","decl":{"start":{"line":6,"column":15},"end":{"line":6,"column":16}},"loc":{"start":{"line":6,"column":38},"end":{"line":14,"column":1}},"line":6}},"branchMap":{"0":{"loc":{"start":{"line":9,"column":12},"end":{"line":11,"column":13}},"type":"if","locations":[{"start":{"line":9,"column":12},"end":{"line":11,"column":13}},{"start":{"line":9,"column":12},"end":{"line":11,"column":13}}],"line":9}},"s":{"0":1,"1":3,"2":3,"3":4,"4":4,"5":5,"6":3},"f":{"0":3},"b":{"0":[3,2]},"_coverageSchema":"1a1c01bbd47fc00a2c39e90264f33305004495a9","hash":"cf465e069aa4338461f2893ccb00ccb34801f380"}
,"/Users/zhengjiangtao/github/ataola/coding/code/leetcode/13.js": {"path":"/Users/zhengjiangtao/github/ataola/coding/code/leetcode/13.js","statementMap":{"0":{"start":{"line":5,"column":19},"end":{"line":29,"column":3}},"1":{"start":{"line":6,"column":16},"end":{"line":14,"column":5}},"2":{"start":{"line":15,"column":14},"end":{"line":15,"column":15}},"3":{"start":{"line":16,"column":4},"end":{"line":27,"column":5}},"4":{"start":{"line":17,"column":6},"end":{"line":17,"column":18}},"5":{"start":{"line":19,"column":6},"end":{"line":26,"column":7}},"6":{"start":{"line":19,"column":18},"end":{"line":19,"column":19}},"7":{"start":{"line":20,"column":8},"end":{"line":25,"column":9}},"8":{"start":{"line":21,"column":10},"end":{"line":21,"column":48}},"9":{"start":{"line":22,"column":10},"end":{"line":22,"column":14}},"10":{"start":{"line":24,"column":10},"end":{"line":24,"column":32}},"11":{"start":{"line":28,"column":4},"end":{"line":28,"column":15}}},"fnMap":{"0":{"name":"(anonymous_0)","decl":{"start":{"line":5,"column":19},"end":{"line":5,"column":20}},"loc":{"start":{"line":5,"column":32},"end":{"line":29,"column":3}},"line":5}},"branchMap":{"0":{"loc":{"start":{"line":16,"column":4},"end":{"line":27,"column":5}},"type":"if","locations":[{"start":{"line":16,"column":4},"end":{"line":27,"column":5}},{"start":{"line":16,"column":4},"end":{"line":27,"column":5}}],"line":16},"1":{"loc":{"start":{"line":20,"column":8},"end":{"line":25,"column":9}},"type":"if","locations":[{"start":{"line":20,"column":8},"end":{"line":25,"column":9}},{"start":{"line":20,"column":8},"end":{"line":25,"column":9}}],"line":20}},"s":{"0":1,"1":4,"2":4,"3":4,"4":0,"5":4,"6":4,"7":17,"8":4,"9":4,"10":13,"11":4},"f":{"0":4},"b":{"0":[0,4],"1":[4,13]},"_coverageSchema":"1a1c01bbd47fc00a2c39e90264f33305004495a9","hash":"9fcb6425affb8061037f66437e46adc9e440832c"}
,"/Users/zhengjiangtao/github/ataola/coding/code/leetcode/14.js": {"path":"/Users/zhengjiangtao/github/ataola/coding/code/leetcode/14.js","statementMap":{"0":{"start":{"line":5,"column":28},"end":{"line":23,"column":1}},"1":{"start":{"line":6,"column":2},"end":{"line":8,"column":3}},"2":{"start":{"line":7,"column":4},"end":{"line":7,"column":14}},"3":{"start":{"line":9,"column":2},"end":{"line":11,"column":3}},"4":{"start":{"line":10,"column":4},"end":{"line":10,"column":19}},"5":{"start":{"line":12,"column":12},"end":{"line":12,"column":14}},"6":{"start":{"line":13,"column":12},"end":{"line":13,"column":14}},"7":{"start":{"line":14,"column":2},"end":{"line":21,"column":3}},"8":{"start":{"line":14,"column":15},"end":{"line":14,"column":16}},"9":{"start":{"line":15,"column":4},"end":{"line":15,"column":31}},"10":{"start":{"line":16,"column":4},"end":{"line":20,"column":5}},"11":{"start":{"line":16,"column":28},"end":{"line":16,"column":47}},"12":{"start":{"line":17,"column":6},"end":{"line":17,"column":16}},"13":{"start":{"line":19,"column":6},"end":{"line":19,"column":12}},"14":{"start":{"line":22,"column":2},"end":{"line":22,"column":13}}},"fnMap":{"0":{"name":"(anonymous_0)","decl":{"start":{"line":5,"column":28},"end":{"line":5,"column":29}},"loc":{"start":{"line":5,"column":44},"end":{"line":23,"column":1}},"line":5},"1":{"name":"(anonymous_1)","decl":{"start":{"line":16,"column":19},"end":{"line":16,"column":20}},"loc":{"start":{"line":16,"column":28},"end":{"line":16,"column":47}},"line":16}},"branchMap":{"0":{"loc":{"start":{"line":6,"column":2},"end":{"line":8,"column":3}},"type":"if","locations":[{"start":{"line":6,"column":2},"end":{"line":8,"column":3}},{"start":{"line":6,"column":2},"end":{"line":8,"column":3}}],"line":6},"1":{"loc":{"start":{"line":9,"column":2},"end":{"line":11,"column":3}},"type":"if","locations":[{"start":{"line":9,"column":2},"end":{"line":11,"column":3}},{"start":{"line":9,"column":2},"end":{"line":11,"column":3}}],"line":9},"2":{"loc":{"start":{"line":16,"column":4},"end":{"line":20,"column":5}},"type":"if","locations":[{"start":{"line":16,"column":4},"end":{"line":20,"column":5}},{"start":{"line":16,"column":4},"end":{"line":20,"column":5}}],"line":16}},"s":{"0":1,"1":5,"2":1,"3":4,"4":1,"5":3,"6":3,"7":3,"8":3,"9":13,"10":13,"11":45,"12":11,"13":2,"14":3},"f":{"0":5,"1":45},"b":{"0":[1,4],"1":[1,3],"2":[11,2]},"_coverageSchema":"1a1c01bbd47fc00a2c39e90264f33305004495a9","hash":"17f4b1c18bda1602d3ae5b8ea620cc04bbcd7d1e"}
,"/Users/zhengjiangtao/github/ataola/coding/code/leetcode/7.js": {"path":"/Users/zhengjiangtao/github/ataola/coding/code/leetcode/7.js","statementMap":{"0":{"start":{"line":5,"column":16},"end":{"line":9,"column":1}},"1":{"start":{"line":6,"column":16},"end":{"line":6,"column":38}},"2":{"start":{"line":7,"column":24},"end":{"line":7,"column":56}},"3":{"start":{"line":8,"column":4},"end":{"line":8,"column":157}}},"fnMap":{"0":{"name":"(anonymous_0)","decl":{"start":{"line":5,"column":16},"end":{"line":5,"column":17}},"loc":{"start":{"line":5,"column":28},"end":{"line":9,"column":1}},"line":5}},"branchMap":{"0":{"loc":{"start":{"line":8,"column":11},"end":{"line":8,"column":156}},"type":"cond-expr","locations":[{"start":{"line":8,"column":20},"end":{"line":8,"column":87}},{"start":{"line":8,"column":90},"end":{"line":8,"column":156}}],"line":8},"1":{"loc":{"start":{"line":8,"column":20},"end":{"line":8,"column":87}},"type":"cond-expr","locations":[{"start":{"line":8,"column":64},"end":{"line":8,"column":65}},{"start":{"line":8,"column":68},"end":{"line":8,"column":87}}],"line":8},"2":{"loc":{"start":{"line":8,"column":90},"end":{"line":8,"column":156}},"type":"cond-expr","locations":[{"start":{"line":8,"column":132},"end":{"line":8,"column":133}},{"start":{"line":8,"column":136},"end":{"line":8,"column":156}}],"line":8}},"s":{"0":1,"1":5,"2":5,"3":5},"f":{"0":5},"b":{"0":[4,1],"1":[1,3],"2":[0,1]},"_coverageSchema":"1a1c01bbd47fc00a2c39e90264f33305004495a9","hash":"605c3ab9b6aa2856b08f6438d04a943943e3c3a9"}
,"/Users/zhengjiangtao/github/ataola/coding/code/leetcode/9.js": {"path":"/Users/zhengjiangtao/github/ataola/coding/code/leetcode/9.js","statementMap":{"0":{"start":{"line":5,"column":21},"end":{"line":9,"column":1}},"1":{"start":{"line":6,"column":17},"end":{"line":6,"column":29}},"2":{"start":{"line":7,"column":18},"end":{"line":7,"column":51}},"3":{"start":{"line":8,"column":4},"end":{"line":8,"column":26}}},"fnMap":{"0":{"name":"(anonymous_0)","decl":{"start":{"line":5,"column":21},"end":{"line":5,"column":22}},"loc":{"start":{"line":5,"column":33},"end":{"line":9,"column":1}},"line":5}},"branchMap":{},"s":{"0":1,"1":3,"2":3,"3":3},"f":{"0":3},"b":{},"_coverageSchema":"1a1c01bbd47fc00a2c39e90264f33305004495a9","hash":"a4771f1f5b561e0b5236fc84ae119c69be7a99f8"}
}
