{"/Users/zhengjiangtao/github/ataola/coding/code/base/list-node.js": {"path":"/Users/zhengjiangtao/github/ataola/coding/code/base/list-node.js","statementMap":{"0":{"start":{"line":5,"column":17},"end":{"line":8,"column":1}},"1":{"start":{"line":6,"column":2},"end":{"line":6,"column":41}},"2":{"start":{"line":7,"column":2},"end":{"line":7,"column":47}}},"fnMap":{"0":{"name":"(anonymous_0)","decl":{"start":{"line":5,"column":17},"end":{"line":5,"column":18}},"loc":{"start":{"line":5,"column":38},"end":{"line":8,"column":1}},"line":5}},"branchMap":{"0":{"loc":{"start":{"line":6,"column":13},"end":{"line":6,"column":40}},"type":"cond-expr","locations":[{"start":{"line":6,"column":33},"end":{"line":6,"column":34}},{"start":{"line":6,"column":37},"end":{"line":6,"column":40}}],"line":6},"1":{"loc":{"start":{"line":7,"column":14},"end":{"line":7,"column":46}},"type":"cond-expr","locations":[{"start":{"line":7,"column":35},"end":{"line":7,"column":39}},{"start":{"line":7,"column":42},"end":{"line":7,"column":46}}],"line":7}},"s":{"0":1,"1":15,"2":15},"f":{"0":15},"b":{"0":[0,15],"1":[15,0]},"_coverageSchema":"1a1c01bbd47fc00a2c39e90264f33305004495a9","hash":"102f78922549a78b0db9040f5ae82a9bf69dbadc"}
,"/Users/zhengjiangtao/github/ataola/coding/code/leetcode/1.js": {"path":"/Users/zhengjiangtao/github/ataola/coding/code/leetcode/1.js","statementMap":{"0":{"start":{"line":6,"column":15},"end":{"line":14,"column":1}},"1":{"start":{"line":7,"column":4},"end":{"line":13,"column":5}},"2":{"start":{"line":7,"column":14},"end":{"line":7,"column":15}},"3":{"start":{"line":8,"column":8},"end":{"line":12,"column":9}},"4":{"start":{"line":8,"column":18},"end":{"line":8,"column":21}},"5":{"start":{"line":9,"column":12},"end":{"line":11,"column":13}},"6":{"start":{"line":10,"column":16},"end":{"line":10,"column":29}}},"fnMap":{"0":{"name":"(anonymous_0)","decl":{"start":{"line":6,"column":15},"end":{"line":6,"column":16}},"loc":{"start":{"line":6,"column":38},"end":{"line":14,"column":1}},"line":6}},"branchMap":{"0":{"loc":{"start":{"line":9,"column":12},"end":{"line":11,"column":13}},"type":"if","locations":[{"start":{"line":9,"column":12},"end":{"line":11,"column":13}},{"start":{"line":9,"column":12},"end":{"line":11,"column":13}}],"line":9}},"s":{"0":1,"1":3,"2":3,"3":4,"4":4,"5":5,"6":3},"f":{"0":3},"b":{"0":[3,2]},"_coverageSchema":"1a1c01bbd47fc00a2c39e90264f33305004495a9","hash":"cf465e069aa4338461f2893ccb00ccb34801f380"}
,"/Users/zhengjiangtao/github/ataola/coding/code/leetcode/1232.js": {"path":"/Users/zhengjiangtao/github/ataola/coding/code/leetcode/1232.js","statementMap":{"0":{"start":{"line":5,"column":26},"end":{"line":20,"column":1}},"1":{"start":{"line":6,"column":14},"end":{"line":6,"column":32}},"2":{"start":{"line":7,"column":2},"end":{"line":9,"column":3}},"3":{"start":{"line":8,"column":4},"end":{"line":8,"column":16}},"4":{"start":{"line":10,"column":13},"end":{"line":10,"column":50}},"5":{"start":{"line":11,"column":13},"end":{"line":11,"column":50}},"6":{"start":{"line":12,"column":2},"end":{"line":18,"column":3}},"7":{"start":{"line":12,"column":15},"end":{"line":12,"column":16}},"8":{"start":{"line":13,"column":15},"end":{"line":13,"column":52}},"9":{"start":{"line":14,"column":15},"end":{"line":14,"column":52}},"10":{"start":{"line":15,"column":4},"end":{"line":17,"column":5}},"11":{"start":{"line":16,"column":6},"end":{"line":16,"column":19}},"12":{"start":{"line":19,"column":2},"end":{"line":19,"column":14}}},"fnMap":{"0":{"name":"(anonymous_0)","decl":{"start":{"line":5,"column":26},"end":{"line":5,"column":27}},"loc":{"start":{"line":5,"column":49},"end":{"line":20,"column":1}},"line":5}},"branchMap":{"0":{"loc":{"start":{"line":7,"column":2},"end":{"line":9,"column":3}},"type":"if","locations":[{"start":{"line":7,"column":2},"end":{"line":9,"column":3}},{"start":{"line":7,"column":2},"end":{"line":9,"column":3}}],"line":7},"1":{"loc":{"start":{"line":15,"column":4},"end":{"line":17,"column":5}},"type":"if","locations":[{"start":{"line":15,"column":4},"end":{"line":17,"column":5}},{"start":{"line":15,"column":4},"end":{"line":17,"column":5}}],"line":15}},"s":{"0":1,"1":5,"2":5,"3":0,"4":5,"5":5,"6":5,"7":5,"8":18,"9":18,"10":18,"11":3,"12":2},"f":{"0":5},"b":{"0":[0,5],"1":[3,15]},"_coverageSchema":"1a1c01bbd47fc00a2c39e90264f33305004495a9","hash":"3a00d62a746b1057affc09fba0b32d1a6dcf3da8"}
,"/Users/zhengjiangtao/github/ataola/coding/code/leetcode/13.js": {"path":"/Users/zhengjiangtao/github/ataola/coding/code/leetcode/13.js","statementMap":{"0":{"start":{"line":5,"column":19},"end":{"line":29,"column":3}},"1":{"start":{"line":6,"column":16},"end":{"line":14,"column":5}},"2":{"start":{"line":15,"column":14},"end":{"line":15,"column":15}},"3":{"start":{"line":16,"column":4},"end":{"line":27,"column":5}},"4":{"start":{"line":17,"column":6},"end":{"line":17,"column":18}},"5":{"start":{"line":19,"column":6},"end":{"line":26,"column":7}},"6":{"start":{"line":19,"column":18},"end":{"line":19,"column":19}},"7":{"start":{"line":20,"column":8},"end":{"line":25,"column":9}},"8":{"start":{"line":21,"column":10},"end":{"line":21,"column":48}},"9":{"start":{"line":22,"column":10},"end":{"line":22,"column":14}},"10":{"start":{"line":24,"column":10},"end":{"line":24,"column":32}},"11":{"start":{"line":28,"column":4},"end":{"line":28,"column":15}}},"fnMap":{"0":{"name":"(anonymous_0)","decl":{"start":{"line":5,"column":19},"end":{"line":5,"column":20}},"loc":{"start":{"line":5,"column":32},"end":{"line":29,"column":3}},"line":5}},"branchMap":{"0":{"loc":{"start":{"line":16,"column":4},"end":{"line":27,"column":5}},"type":"if","locations":[{"start":{"line":16,"column":4},"end":{"line":27,"column":5}},{"start":{"line":16,"column":4},"end":{"line":27,"column":5}}],"line":16},"1":{"loc":{"start":{"line":20,"column":8},"end":{"line":25,"column":9}},"type":"if","locations":[{"start":{"line":20,"column":8},"end":{"line":25,"column":9}},{"start":{"line":20,"column":8},"end":{"line":25,"column":9}}],"line":20}},"s":{"0":1,"1":4,"2":4,"3":4,"4":0,"5":4,"6":4,"7":17,"8":4,"9":4,"10":13,"11":4},"f":{"0":4},"b":{"0":[0,4],"1":[4,13]},"_coverageSchema":"1a1c01bbd47fc00a2c39e90264f33305004495a9","hash":"9fcb6425affb8061037f66437e46adc9e440832c"}
,"/Users/zhengjiangtao/github/ataola/coding/code/leetcode/14.js": {"path":"/Users/zhengjiangtao/github/ataola/coding/code/leetcode/14.js","statementMap":{"0":{"start":{"line":5,"column":28},"end":{"line":20,"column":1}},"1":{"start":{"line":6,"column":2},"end":{"line":8,"column":3}},"2":{"start":{"line":7,"column":4},"end":{"line":7,"column":14}},"3":{"start":{"line":9,"column":12},"end":{"line":9,"column":14}},"4":{"start":{"line":10,"column":12},"end":{"line":10,"column":14}},"5":{"start":{"line":11,"column":2},"end":{"line":18,"column":3}},"6":{"start":{"line":11,"column":15},"end":{"line":11,"column":16}},"7":{"start":{"line":12,"column":4},"end":{"line":12,"column":31}},"8":{"start":{"line":13,"column":4},"end":{"line":17,"column":5}},"9":{"start":{"line":13,"column":28},"end":{"line":13,"column":47}},"10":{"start":{"line":14,"column":6},"end":{"line":14,"column":16}},"11":{"start":{"line":16,"column":6},"end":{"line":16,"column":12}},"12":{"start":{"line":19,"column":2},"end":{"line":19,"column":13}}},"fnMap":{"0":{"name":"(anonymous_0)","decl":{"start":{"line":5,"column":28},"end":{"line":5,"column":29}},"loc":{"start":{"line":5,"column":44},"end":{"line":20,"column":1}},"line":5},"1":{"name":"(anonymous_1)","decl":{"start":{"line":13,"column":19},"end":{"line":13,"column":20}},"loc":{"start":{"line":13,"column":28},"end":{"line":13,"column":47}},"line":13}},"branchMap":{"0":{"loc":{"start":{"line":6,"column":2},"end":{"line":8,"column":3}},"type":"if","locations":[{"start":{"line":6,"column":2},"end":{"line":8,"column":3}},{"start":{"line":6,"column":2},"end":{"line":8,"column":3}}],"line":6},"1":{"loc":{"start":{"line":13,"column":4},"end":{"line":17,"column":5}},"type":"if","locations":[{"start":{"line":13,"column":4},"end":{"line":17,"column":5}},{"start":{"line":13,"column":4},"end":{"line":17,"column":5}}],"line":13}},"s":{"0":1,"1":5,"2":1,"3":4,"4":4,"5":4,"6":4,"7":15,"8":15,"9":47,"10":13,"11":2,"12":4},"f":{"0":5,"1":47},"b":{"0":[1,4],"1":[13,2]},"_coverageSchema":"1a1c01bbd47fc00a2c39e90264f33305004495a9","hash":"9598c559b61f3b66359e71c7a6e163bb37bd01c6"}
,"/Users/zhengjiangtao/github/ataola/coding/code/leetcode/1720.js": {"path":"/Users/zhengjiangtao/github/ataola/coding/code/leetcode/1720.js","statementMap":{"0":{"start":{"line":6,"column":15},"end":{"line":13,"column":1}},"1":{"start":{"line":7,"column":14},"end":{"line":7,"column":21}},"2":{"start":{"line":8,"column":2},"end":{"line":11,"column":3}},"3":{"start":{"line":8,"column":15},"end":{"line":8,"column":16}},"4":{"start":{"line":9,"column":16},"end":{"line":9,"column":35}},"5":{"start":{"line":10,"column":4},"end":{"line":10,"column":18}},"6":{"start":{"line":12,"column":2},"end":{"line":12,"column":13}}},"fnMap":{"0":{"name":"(anonymous_0)","decl":{"start":{"line":6,"column":15},"end":{"line":6,"column":16}},"loc":{"start":{"line":6,"column":41},"end":{"line":13,"column":1}},"line":6}},"branchMap":{},"s":{"0":1,"1":2,"2":2,"3":2,"4":7,"5":7,"6":2},"f":{"0":2},"b":{},"_coverageSchema":"1a1c01bbd47fc00a2c39e90264f33305004495a9","hash":"d18798483482b9758c2240aca3b91ea9f8c417bd"}
,"/Users/zhengjiangtao/github/ataola/coding/code/leetcode/1721.js": {"path":"/Users/zhengjiangtao/github/ataola/coding/code/leetcode/1721.js","statementMap":{"0":{"start":{"line":7,"column":18},"end":{"line":26,"column":1}},"1":{"start":{"line":8,"column":14},"end":{"line":8,"column":16}},"2":{"start":{"line":9,"column":2},"end":{"line":12,"column":3}},"3":{"start":{"line":10,"column":4},"end":{"line":10,"column":23}},"4":{"start":{"line":11,"column":4},"end":{"line":11,"column":21}},"5":{"start":{"line":13,"column":2},"end":{"line":13,"column":29}},"6":{"start":{"line":14,"column":12},"end":{"line":14,"column":22}},"7":{"start":{"line":15,"column":2},"end":{"line":15,"column":35}},"8":{"start":{"line":16,"column":2},"end":{"line":16,"column":28}},"9":{"start":{"line":17,"column":14},"end":{"line":17,"column":16}},"10":{"start":{"line":18,"column":2},"end":{"line":21,"column":3}},"11":{"start":{"line":18,"column":15},"end":{"line":18,"column":16}},"12":{"start":{"line":19,"column":17},"end":{"line":19,"column":37}},"13":{"start":{"line":20,"column":4},"end":{"line":20,"column":19}},"14":{"start":{"line":22,"column":2},"end":{"line":24,"column":3}},"15":{"start":{"line":22,"column":15},"end":{"line":22,"column":16}},"16":{"start":{"line":23,"column":4},"end":{"line":23,"column":29}},"17":{"start":{"line":25,"column":2},"end":{"line":25,"column":16}}},"fnMap":{"0":{"name":"(anonymous_0)","decl":{"start":{"line":7,"column":18},"end":{"line":7,"column":19}},"loc":{"start":{"line":7,"column":37},"end":{"line":26,"column":1}},"line":7}},"branchMap":{"0":{"loc":{"start":{"line":13,"column":2},"end":{"line":13,"column":28}},"type":"binary-expr","locations":[{"start":{"line":13,"column":2},"end":{"line":13,"column":6}},{"start":{"line":13,"column":10},"end":{"line":13,"column":28}}],"line":13}},"s":{"0":1,"1":1,"2":1,"3":4,"4":4,"5":1,"6":1,"7":1,"8":1,"9":1,"10":1,"11":1,"12":5,"13":5,"14":1,"15":1,"16":4,"17":1},"f":{"0":1},"b":{"0":[1,1]},"_coverageSchema":"1a1c01bbd47fc00a2c39e90264f33305004495a9","hash":"c1b671dd491fded1ff5bfef24efd14ba54d47edb"}
,"/Users/zhengjiangtao/github/ataola/coding/code/leetcode/1726.js": {"path":"/Users/zhengjiangtao/github/ataola/coding/code/leetcode/1726.js","statementMap":{"0":{"start":{"line":5,"column":25},"end":{"line":29,"column":1}},"1":{"start":{"line":6,"column":14},"end":{"line":6,"column":16}},"2":{"start":{"line":7,"column":2},"end":{"line":20,"column":3}},"3":{"start":{"line":7,"column":15},"end":{"line":7,"column":16}},"4":{"start":{"line":8,"column":12},"end":{"line":8,"column":27}},"5":{"start":{"line":9,"column":4},"end":{"line":19,"column":5}},"6":{"start":{"line":10,"column":6},"end":{"line":17,"column":7}},"7":{"start":{"line":11,"column":20},"end":{"line":11,"column":37}},"8":{"start":{"line":12,"column":8},"end":{"line":16,"column":9}},"9":{"start":{"line":13,"column":10},"end":{"line":13,"column":21}},"10":{"start":{"line":15,"column":10},"end":{"line":15,"column":23}},"11":{"start":{"line":18,"column":6},"end":{"line":18,"column":10}},"12":{"start":{"line":21,"column":14},"end":{"line":21,"column":15}},"13":{"start":{"line":22,"column":2},"end":{"line":27,"column":3}},"14":{"start":{"line":23,"column":4},"end":{"line":26,"column":5}},"15":{"start":{"line":24,"column":18},"end":{"line":24,"column":30}},"16":{"start":{"line":25,"column":6},"end":{"line":25,"column":42}},"17":{"start":{"line":28,"column":2},"end":{"line":28,"column":15}}},"fnMap":{"0":{"name":"(anonymous_0)","decl":{"start":{"line":5,"column":25},"end":{"line":5,"column":26}},"loc":{"start":{"line":5,"column":41},"end":{"line":29,"column":1}},"line":5}},"branchMap":{"0":{"loc":{"start":{"line":10,"column":6},"end":{"line":17,"column":7}},"type":"if","locations":[{"start":{"line":10,"column":6},"end":{"line":17,"column":7}},{"start":{"line":10,"column":6},"end":{"line":17,"column":7}}],"line":10},"1":{"loc":{"start":{"line":12,"column":8},"end":{"line":16,"column":9}},"type":"if","locations":[{"start":{"line":12,"column":8},"end":{"line":16,"column":9}},{"start":{"line":12,"column":8},"end":{"line":16,"column":9}}],"line":12},"2":{"loc":{"start":{"line":23,"column":4},"end":{"line":26,"column":5}},"type":"if","locations":[{"start":{"line":23,"column":4},"end":{"line":26,"column":5}},{"start":{"line":23,"column":4},"end":{"line":26,"column":5}}],"line":23}},"s":{"0":1,"1":5,"2":5,"3":5,"4":33,"5":33,"6":289,"7":256,"8":256,"9":201,"10":55,"11":289,"12":5,"13":5,"14":55,"15":27,"16":27,"17":5},"f":{"0":5},"b":{"0":[256,33],"1":[201,55],"2":[27,28]},"_coverageSchema":"1a1c01bbd47fc00a2c39e90264f33305004495a9","hash":"ccfe61fbbdbed1017b0f3a1a5997afc952d6f09d"}
,"/Users/zhengjiangtao/github/ataola/coding/code/leetcode/5653.js": {"path":"/Users/zhengjiangtao/github/ataola/coding/code/leetcode/5653.js","statementMap":{"0":{"start":{"line":5,"column":28},"end":{"line":18,"column":1}},"1":{"start":{"line":6,"column":14},"end":{"line":6,"column":16}},"2":{"start":{"line":7,"column":2},"end":{"line":15,"column":5}},"3":{"start":{"line":8,"column":16},"end":{"line":8,"column":53}},"4":{"start":{"line":9,"column":4},"end":{"line":13,"column":5}},"5":{"start":{"line":10,"column":6},"end":{"line":10,"column":17}},"6":{"start":{"line":12,"column":6},"end":{"line":12,"column":19}},"7":{"start":{"line":14,"column":4},"end":{"line":14,"column":15}},"8":{"start":{"line":16,"column":14},"end":{"line":16,"column":52}},"9":{"start":{"line":17,"column":2},"end":{"line":17,"column":18}}},"fnMap":{"0":{"name":"(anonymous_0)","decl":{"start":{"line":5,"column":28},"end":{"line":5,"column":29}},"loc":{"start":{"line":5,"column":50},"end":{"line":18,"column":1}},"line":5},"1":{"name":"(anonymous_1)","decl":{"start":{"line":7,"column":21},"end":{"line":7,"column":22}},"loc":{"start":{"line":7,"column":31},"end":{"line":15,"column":3}},"line":7}},"branchMap":{"0":{"loc":{"start":{"line":8,"column":16},"end":{"line":8,"column":53}},"type":"cond-expr","locations":[{"start":{"line":8,"column":36},"end":{"line":8,"column":43}},{"start":{"line":8,"column":46},"end":{"line":8,"column":53}}],"line":8},"1":{"loc":{"start":{"line":9,"column":4},"end":{"line":13,"column":5}},"type":"if","locations":[{"start":{"line":9,"column":4},"end":{"line":13,"column":5}},{"start":{"line":9,"column":4},"end":{"line":13,"column":5}}],"line":9}},"s":{"0":1,"1":2,"2":2,"3":8,"4":8,"5":4,"6":4,"7":8,"8":2,"9":2},"f":{"0":2,"1":8},"b":{"0":[2,6],"1":[4,4]},"_coverageSchema":"1a1c01bbd47fc00a2c39e90264f33305004495a9","hash":"e3e7819c4e500b33a315133cadb85ffad874e330"}
,"/Users/zhengjiangtao/github/ataola/coding/code/leetcode/7.js": {"path":"/Users/zhengjiangtao/github/ataola/coding/code/leetcode/7.js","statementMap":{"0":{"start":{"line":5,"column":16},"end":{"line":9,"column":1}},"1":{"start":{"line":6,"column":16},"end":{"line":6,"column":38}},"2":{"start":{"line":7,"column":24},"end":{"line":7,"column":56}},"3":{"start":{"line":8,"column":4},"end":{"line":8,"column":157}}},"fnMap":{"0":{"name":"(anonymous_0)","decl":{"start":{"line":5,"column":16},"end":{"line":5,"column":17}},"loc":{"start":{"line":5,"column":28},"end":{"line":9,"column":1}},"line":5}},"branchMap":{"0":{"loc":{"start":{"line":8,"column":11},"end":{"line":8,"column":156}},"type":"cond-expr","locations":[{"start":{"line":8,"column":20},"end":{"line":8,"column":87}},{"start":{"line":8,"column":90},"end":{"line":8,"column":156}}],"line":8},"1":{"loc":{"start":{"line":8,"column":20},"end":{"line":8,"column":87}},"type":"cond-expr","locations":[{"start":{"line":8,"column":64},"end":{"line":8,"column":65}},{"start":{"line":8,"column":68},"end":{"line":8,"column":87}}],"line":8},"2":{"loc":{"start":{"line":8,"column":90},"end":{"line":8,"column":156}},"type":"cond-expr","locations":[{"start":{"line":8,"column":132},"end":{"line":8,"column":133}},{"start":{"line":8,"column":136},"end":{"line":8,"column":156}}],"line":8}},"s":{"0":1,"1":5,"2":5,"3":5},"f":{"0":5},"b":{"0":[4,1],"1":[1,3],"2":[0,1]},"_coverageSchema":"1a1c01bbd47fc00a2c39e90264f33305004495a9","hash":"605c3ab9b6aa2856b08f6438d04a943943e3c3a9"}
,"/Users/zhengjiangtao/github/ataola/coding/code/leetcode/8.js": {"path":"/Users/zhengjiangtao/github/ataola/coding/code/leetcode/8.js","statementMap":{"0":{"start":{"line":5,"column":15},"end":{"line":17,"column":1}},"1":{"start":{"line":6,"column":2},"end":{"line":6,"column":15}},"2":{"start":{"line":7,"column":2},"end":{"line":9,"column":3}},"3":{"start":{"line":8,"column":4},"end":{"line":8,"column":13}},"4":{"start":{"line":10,"column":14},"end":{"line":10,"column":25}},"5":{"start":{"line":11,"column":2},"end":{"line":13,"column":3}},"6":{"start":{"line":12,"column":4},"end":{"line":12,"column":13}},"7":{"start":{"line":14,"column":14},"end":{"line":14,"column":30}},"8":{"start":{"line":15,"column":14},"end":{"line":15,"column":22}},"9":{"start":{"line":16,"column":2},"end":{"line":16,"column":49}}},"fnMap":{"0":{"name":"(anonymous_0)","decl":{"start":{"line":5,"column":15},"end":{"line":5,"column":16}},"loc":{"start":{"line":5,"column":28},"end":{"line":17,"column":1}},"line":5}},"branchMap":{"0":{"loc":{"start":{"line":7,"column":2},"end":{"line":9,"column":3}},"type":"if","locations":[{"start":{"line":7,"column":2},"end":{"line":9,"column":3}},{"start":{"line":7,"column":2},"end":{"line":9,"column":3}}],"line":7},"1":{"loc":{"start":{"line":7,"column":6},"end":{"line":7,"column":30}},"type":"binary-expr","locations":[{"start":{"line":7,"column":6},"end":{"line":7,"column":8}},{"start":{"line":7,"column":12},"end":{"line":7,"column":30}}],"line":7},"2":{"loc":{"start":{"line":11,"column":2},"end":{"line":13,"column":3}},"type":"if","locations":[{"start":{"line":11,"column":2},"end":{"line":13,"column":3}},{"start":{"line":11,"column":2},"end":{"line":13,"column":3}}],"line":11},"3":{"loc":{"start":{"line":16,"column":9},"end":{"line":16,"column":48}},"type":"cond-expr","locations":[{"start":{"line":16,"column":21},"end":{"line":16,"column":24}},{"start":{"line":16,"column":27},"end":{"line":16,"column":48}}],"line":16},"4":{"loc":{"start":{"line":16,"column":27},"end":{"line":16,"column":48}},"type":"cond-expr","locations":[{"start":{"line":16,"column":39},"end":{"line":16,"column":42}},{"start":{"line":16,"column":45},"end":{"line":16,"column":48}}],"line":16}},"s":{"0":1,"1":5,"2":5,"3":1,"4":4,"5":4,"6":0,"7":4,"8":4,"9":4},"f":{"0":5},"b":{"0":[1,4],"1":[5,5],"2":[0,4],"3":[1,3],"4":[0,3]},"_coverageSchema":"1a1c01bbd47fc00a2c39e90264f33305004495a9","hash":"d12ad86e7399f7cd88d107d6f70ee07a115cf40d"}
,"/Users/zhengjiangtao/github/ataola/coding/code/leetcode/9.js": {"path":"/Users/zhengjiangtao/github/ataola/coding/code/leetcode/9.js","statementMap":{"0":{"start":{"line":5,"column":21},"end":{"line":9,"column":1}},"1":{"start":{"line":6,"column":17},"end":{"line":6,"column":29}},"2":{"start":{"line":7,"column":18},"end":{"line":7,"column":51}},"3":{"start":{"line":8,"column":4},"end":{"line":8,"column":26}}},"fnMap":{"0":{"name":"(anonymous_0)","decl":{"start":{"line":5,"column":21},"end":{"line":5,"column":22}},"loc":{"start":{"line":5,"column":33},"end":{"line":9,"column":1}},"line":5}},"branchMap":{},"s":{"0":1,"1":3,"2":3,"3":3},"f":{"0":3},"b":{},"_coverageSchema":"1a1c01bbd47fc00a2c39e90264f33305004495a9","hash":"a4771f1f5b561e0b5236fc84ae119c69be7a99f8"}
}
