TN:
SF:code/leetcode/1.js
FN:6,(anonymous_0)
FNF:1
FNH:1
FNDA:3,(anonymous_0)
DA:6,1
DA:7,3
DA:8,4
DA:9,5
DA:10,3
LF:5
LH:5
BRDA:9,0,0,3
BRDA:9,0,1,2
BRF:2
BRH:2
end_of_record
TN:
SF:code/leetcode/7.js
FN:5,(anonymous_0)
FNF:1
FNH:1
FNDA:5,(anonymous_0)
DA:5,1
DA:6,5
DA:7,5
DA:8,5
LF:4
LH:4
BRDA:8,0,0,4
BRDA:8,0,1,1
BRDA:8,1,0,1
BRDA:8,1,1,3
BRDA:8,2,0,0
BRDA:8,2,1,1
BRF:6
BRH:5
end_of_record
TN:
SF:code/leetcode/9.js
FN:5,(anonymous_0)
FNF:1
FNH:1
FNDA:3,(anonymous_0)
DA:5,1
DA:6,3
DA:7,3
DA:8,3
LF:4
LH:4
BRF:0
BRH:0
end_of_record
