TN:
SF:code/base/list-node.js
FN:5,(anonymous_0)
FNF:1
FNH:1
FNDA:15,(anonymous_0)
DA:5,1
DA:6,15
DA:7,15
LF:3
LH:3
BRDA:6,0,0,0
BRDA:6,0,1,15
BRDA:7,1,0,15
BRDA:7,1,1,0
BRF:4
BRH:2
end_of_record
TN:
SF:code/leetcode/1.js
FN:6,(anonymous_0)
FNF:1
FNH:1
FNDA:3,(anonymous_0)
DA:6,1
DA:7,3
DA:8,4
DA:9,5
DA:10,3
LF:5
LH:5
BRDA:9,0,0,3
BRDA:9,0,1,2
BRF:2
BRH:2
end_of_record
TN:
SF:code/leetcode/1232.js
FN:5,(anonymous_0)
FNF:1
FNH:1
FNDA:5,(anonymous_0)
DA:5,1
DA:6,5
DA:7,5
DA:8,0
DA:10,5
DA:11,5
DA:12,5
DA:13,18
DA:14,18
DA:15,18
DA:16,3
DA:19,2
LF:12
LH:11
BRDA:7,0,0,0
BRDA:7,0,1,5
BRDA:15,1,0,3
BRDA:15,1,1,15
BRF:4
BRH:3
end_of_record
TN:
SF:code/leetcode/13.js
FN:5,(anonymous_0)
FNF:1
FNH:1
FNDA:4,(anonymous_0)
DA:5,1
DA:6,4
DA:15,4
DA:16,4
DA:17,0
DA:19,4
DA:20,17
DA:21,4
DA:22,4
DA:24,13
DA:28,4
LF:11
LH:10
BRDA:16,0,0,0
BRDA:16,0,1,4
BRDA:20,1,0,4
BRDA:20,1,1,13
BRF:4
BRH:3
end_of_record
TN:
SF:code/leetcode/14.js
FN:5,(anonymous_0)
FN:13,(anonymous_1)
FNF:2
FNH:2
FNDA:5,(anonymous_0)
FNDA:47,(anonymous_1)
DA:5,1
DA:6,5
DA:7,1
DA:9,4
DA:10,4
DA:11,4
DA:12,15
DA:13,47
DA:14,13
DA:16,2
DA:19,4
LF:11
LH:11
BRDA:6,0,0,1
BRDA:6,0,1,4
BRDA:13,1,0,13
BRDA:13,1,1,2
BRF:4
BRH:4
end_of_record
TN:
SF:code/leetcode/1720.js
FN:6,(anonymous_0)
FNF:1
FNH:1
FNDA:2,(anonymous_0)
DA:6,1
DA:7,2
DA:8,2
DA:9,7
DA:10,7
DA:12,2
LF:6
LH:6
BRF:0
BRH:0
end_of_record
TN:
SF:code/leetcode/1721.js
FN:7,(anonymous_0)
FNF:1
FNH:1
FNDA:1,(anonymous_0)
DA:7,1
DA:8,1
DA:9,1
DA:10,4
DA:11,4
DA:13,1
DA:14,1
DA:15,1
DA:16,1
DA:17,1
DA:18,1
DA:19,5
DA:20,5
DA:22,1
DA:23,4
DA:25,1
LF:16
LH:16
BRDA:13,0,0,1
BRDA:13,0,1,1
BRF:2
BRH:2
end_of_record
TN:
SF:code/leetcode/1726.js
FN:5,(anonymous_0)
FNF:1
FNH:1
FNDA:5,(anonymous_0)
DA:5,1
DA:6,5
DA:7,5
DA:8,33
DA:9,33
DA:10,289
DA:11,256
DA:12,256
DA:13,201
DA:15,55
DA:18,289
DA:21,5
DA:22,5
DA:23,55
DA:24,27
DA:25,27
DA:28,5
LF:17
LH:17
BRDA:10,0,0,256
BRDA:10,0,1,33
BRDA:12,1,0,201
BRDA:12,1,1,55
BRDA:23,2,0,27
BRDA:23,2,1,28
BRF:6
BRH:6
end_of_record
TN:
SF:code/leetcode/5653.js
FN:5,(anonymous_0)
FN:7,(anonymous_1)
FNF:2
FNH:2
FNDA:2,(anonymous_0)
FNDA:8,(anonymous_1)
DA:5,1
DA:6,2
DA:7,2
DA:8,8
DA:9,8
DA:10,4
DA:12,4
DA:14,8
DA:16,2
DA:17,2
LF:10
LH:10
BRDA:8,0,0,2
BRDA:8,0,1,6
BRDA:9,1,0,4
BRDA:9,1,1,4
BRF:4
BRH:4
end_of_record
TN:
SF:code/leetcode/7.js
FN:5,(anonymous_0)
FNF:1
FNH:1
FNDA:5,(anonymous_0)
DA:5,1
DA:6,5
DA:7,5
DA:8,5
LF:4
LH:4
BRDA:8,0,0,4
BRDA:8,0,1,1
BRDA:8,1,0,1
BRDA:8,1,1,3
BRDA:8,2,0,0
BRDA:8,2,1,1
BRF:6
BRH:5
end_of_record
TN:
SF:code/leetcode/8.js
FN:5,(anonymous_0)
FNF:1
FNH:1
FNDA:5,(anonymous_0)
DA:5,1
DA:6,5
DA:7,5
DA:8,1
DA:10,4
DA:11,4
DA:12,0
DA:14,4
DA:15,4
DA:16,4
LF:10
LH:9
BRDA:7,0,0,1
BRDA:7,0,1,4
BRDA:7,1,0,5
BRDA:7,1,1,5
BRDA:11,2,0,0
BRDA:11,2,1,4
BRDA:16,3,0,1
BRDA:16,3,1,3
BRDA:16,4,0,0
BRDA:16,4,1,3
BRF:10
BRH:8
end_of_record
TN:
SF:code/leetcode/9.js
FN:5,(anonymous_0)
FNF:1
FNH:1
FNDA:3,(anonymous_0)
DA:5,1
DA:6,3
DA:7,3
DA:8,3
LF:4
LH:4
BRF:0
BRH:0
end_of_record
